<?xml version="1.0" encoding="UTF-8"?>
<!-- Generated by org.testng.reporters.JUnitReportReporter -->
<testsuite skipped="0" hostname="hp" name="com.testdemo.LoginTest" tests="2" failures="0" timestamp="20 May 2018 07:24:57 GMT" time="18.503" errors="0">
  <testcase name="loginPageLogoTest" time="8.429" classname="com.testdemo.LoginTest"/>
  <testcase name="loginTest" time="10.074" classname="com.testdemo.LoginTest"/>
</testsuite> <!-- com.testdemo.LoginTest -->
