<?xml version="1.0" encoding="UTF-8"?>
<!-- Generated by org.testng.reporters.JUnitReportReporter -->
<testsuite skipped="0" hostname="hp" name="com.testdemo.HomePageTest" tests="2" failures="0" timestamp="20 May 2018 07:24:58 GMT" time="25.700" errors="0">
  <testcase name="homePageTitleTest" time="9.412" classname="com.testdemo.HomePageTest"/>
  <testcase name="leadsLinkTest" time="16.288" classname="com.testdemo.HomePageTest"/>
</testsuite> <!-- com.testdemo.HomePageTest -->
